<?xml version="1.0" encoding="UTF-8"?>
<testsuite xmlns:xsi="http://www.w3.org/2001/XMLSchema-instance" xsi:noNamespaceSchemaLocation="https://maven.apache.org/surefire/maven-surefire-plugin/xsd/surefire-test-report-3.0.xsd" version="3.0" name="com.meridian.banking.repository.AccountRepositoryTest" time="10.96" tests="1" errors="0" skipped="0" failures="0">
  <properties>
[...]
</properties>
  <testcase name="scopesAccountLookupToTheOwningCustomer" classname="com.meridian.banking.repository.AccountRepositoryTest" time="1.171">
    <system-out><![CDATA[23:09:31.351 [main] INFO org.springframework.test.context.support.AnnotationConfigContextLoaderUtils -- Could not detect default configuration classes for test class [com.meridian.banking.repository.AccountRepositoryTest]: AccountRepositoryTest does not declare any static, non-private, non-final, nested classes annotated with @Configuration.
23:09:31.533 [main] INFO org.springframework.boot.test.context.SpringBootTestContextBootstrapper -- Found @SpringBootConfiguration com.meridian.banking.BankingApplication for test class com.meridian.banking.repository.AccountRepositoryTest

  .   ____          _            __ _ _
 /\\ / ___'_ __ _ _(_)_ __  __ _ \ \ \ \
( ( )\___ | '_ | '_| | '_ \/ _` | \ \ \ \
 \\/  ___)| |_)| | | | | || (_| |  ) ) ) )
  '  |____| .__|_| |_|_| |_\__, | / / / /
 =========|_|==============|___/=/_/_/_/

 :: Spring Boot ::                (v3.3.5)

2026-09-22T23:09:32.261+05:30  INFO 23436 --- [           main] c.m.b.repository.AccountRepositoryTest   : Starting AccountRepositoryTest using Java 22.0.2 with PID 23436 (started by P.Abhiram in D:\New folder\realistic projects bugs codes\02-banking-account-management)
2026-09-22T23:09:32.263+05:30  INFO 23436 --- [           main] c.m.b.repository.AccountRepositoryTest   : No active profile set, falling back to 1 default profile: "default"
2026-09-22T23:09:32.908+05:30  INFO 23436 --- [           main] .s.d.r.c.RepositoryConfigurationDelegate : Bootstrapping Spring Data JPA repositories in DEFAULT mode.
2026-09-22T23:09:33.014+05:30  INFO 23436 --- [           main] .s.d.r.c.RepositoryConfigurationDelegate : Finished Spring Data repository scanning in 90 ms. Found 4 JPA repository interfaces.
2026-09-22T23:09:33.112+05:30  INFO 23436 --- [           main] beddedDataSourceBeanFactoryPostProcessor : Replacing 'dataSource' DataSource bean with embedded version
2026-09-22T23:09:33.478+05:30  INFO 23436 --- [           main] o.s.j.d.e.EmbeddedDatabaseFactory        : Starting embedded database: url='jdbc:h2:mem:e6a2432e-9405-4ffd-a60c-19b6a4ff8c63;DB_CLOSE_DELAY=-1;DB_CLOSE_ON_EXIT=false', username='sa'
2026-09-22T23:09:34.333+05:30  INFO 23436 --- [           main] o.hibernate.jpa.internal.util.LogHelper  : HHH000204: Processing PersistenceUnitInfo [name: default]
2026-09-22T23:09:34.465+05:30  INFO 23436 --- [           main] org.hibernate.Version                    : HHH000412: Hibernate ORM core version 6.5.3.Final
2026-09-22T23:09:34.552+05:30  INFO 23436 --- [           main] o.h.c.internal.RegionFactoryInitiator    : HHH000026: Second-level cache disabled
2026-09-22T23:09:35.444+05:30  INFO 23436 --- [           main] o.s.o.j.p.SpringPersistenceUnitInfo      : No LoadTimeWeaver setup: ignoring JPA class transformer
2026-09-22T23:09:37.586+05:30  INFO 23436 --- [           main] o.h.e.t.j.p.i.JtaPlatformInitiator       : HHH000489: No JTA platform available (set 'hibernate.transaction.jta.platform' to enable JTA platform integration)
Hibernate: drop table if exists accounts cascade 
Hibernate: drop table if exists customer_roles cascade 
Hibernate: drop table if exists customers cascade 
Hibernate: drop table if exists roles cascade 
Hibernate: drop table if exists transactions cascade 
Hibernate: create table accounts (balance numeric(18,2) not null, currency varchar(3) not null, customer_id bigint not null, id bigint generated by default as identity, opened_at timestamp(6) with time zone not null, account_number varchar(24) not null unique, account_type enum ('CHECKING','SAVINGS') not null, status enum ('ACTIVE','CLOSED','FROZEN') not null, primary key (id))
Hibernate: create table customer_roles (customer_id bigint not null, role_id bigint not null, primary key (customer_id, role_id))
Hibernate: create table customers (created_at timestamp(6) with time zone not null, id bigint generated by default as identity, national_id varchar(40) not null unique, password_hash varchar(100) not null, full_name varchar(120) not null, email varchar(180) not null unique, status enum ('ACTIVE','CLOSED','SUSPENDED') not null, primary key (id))
Hibernate: create table roles (id bigint generated by default as identity, name varchar(40) not null, primary key (id))
Hibernate: create table transactions (amount numeric(18,2) not null, balance_after numeric(18,2) not null, account_id bigint not null, counterparty_account_id bigint, created_at timestamp(6) with time zone not null, id bigint generated by default as identity, reference varchar(32) not null unique, description varchar(200), tx_type enum ('DEPOSIT','TRANSFER_IN','TRANSFER_OUT','WITHDRAWAL') not null, primary key (id))
Hibernate: alter table if exists accounts add constraint FKn6x8pdp50os8bq5rbb792upse foreign key (customer_id) references customers
Hibernate: alter table if exists customer_roles add constraint FKnjtvg9npn1etke1ldeffa0ym6 foreign key (role_id) references roles
Hibernate: alter table if exists customer_roles add constraint FKgee5mori29s8ae8hwcl23qxf0 foreign key (customer_id) references customers
Hibernate: alter table if exists transactions add constraint FK20w7wsg13u9srbq3bd7chfxdh foreign key (account_id) references accounts
Hibernate: alter table if exists transactions add constraint FK7q5tmp2kmixl3wj5mosviv5lv foreign key (counterparty_account_id) references accounts
2026-09-22T23:09:37.730+05:30  INFO 23436 --- [           main] j.LocalContainerEntityManagerFactoryBean : Initialized JPA EntityManagerFactory for persistence unit 'default'
2026-09-22T23:09:38.848+05:30  INFO 23436 --- [           main] o.s.d.j.r.query.QueryEnhancerFactory     : Hibernate is in classpath; If applicable, HQL parser will be used.
2026-09-22T23:09:40.871+05:30  INFO 23436 --- [           main] c.m.b.repository.AccountRepositoryTest   : Started AccountRepositoryTest in 9.248 seconds (process running for 10.834)
Hibernate: insert into customers (created_at,email,full_name,national_id,password_hash,status,id) values (?,?,?,?,?,?,default)
Hibernate: insert into customers (created_at,email,full_name,national_id,password_hash,status,id) values (?,?,?,?,?,?,default)
Hibernate: insert into accounts (account_number,account_type,balance,currency,customer_id,opened_at,status,id) values (?,?,?,?,?,?,?,default)
Hibernate: select a1_0.id,a1_0.account_number,a1_0.account_type,a1_0.balance,a1_0.currency,a1_0.customer_id,a1_0.opened_at,a1_0.status from accounts a1_0 where a1_0.id=? and a1_0.customer_id=?
Hibernate: select a1_0.id,a1_0.account_number,a1_0.account_type,a1_0.balance,a1_0.currency,a1_0.customer_id,a1_0.opened_at,a1_0.status from accounts a1_0 where a1_0.id=? and a1_0.customer_id=?
Hibernate: select a1_0.id,a1_0.account_number,a1_0.account_type,a1_0.balance,a1_0.currency,a1_0.customer_id,a1_0.opened_at,a1_0.status from accounts a1_0 where a1_0.account_number=?
]]></system-out>
    <system-err><![CDATA[WARNING: A Java agent has been loaded dynamically (C:\Users\P.Abhiram\.m2\repository\net\bytebuddy\byte-buddy-agent\1.14.19\byte-buddy-agent-1.14.19.jar)
WARNING: If a serviceability tool is in use, please run with -XX:+EnableDynamicAgentLoading to hide this warning
WARNING: If a serviceability tool is not in use, please run with -Djdk.instrument.traceUsage for more information
WARNING: Dynamic loading of agents will be disallowed by default in a future release
]]></system-err>
  </testcase>
</testsuite>