<?xml version="1.0" encoding="UTF-8"?>
<testsuite xmlns:xsi="http://www.w3.org/2001/XMLSchema-instance" xsi:noNamespaceSchemaLocation="https://maven.apache.org/surefire/maven-surefire-plugin/xsd/surefire-test-report-3.0.xsd" version="3.0" name="com.northwind.shop.repository.CustomerRepositoryTest" time="7.526" tests="2" errors="0" skipped="0" failures="0">
  <properties>
[...]
</properties>
  <testcase name="findsCustomerWithRolesByEmail" classname="com.northwind.shop.repository.CustomerRepositoryTest" time="0.883">
    <system-out><![CDATA[06:27:36.666 [main] INFO org.springframework.test.context.support.AnnotationConfigContextLoaderUtils -- Could not detect default configuration classes for test class [com.northwind.shop.repository.CustomerRepositoryTest]: CustomerRepositoryTest does not declare any static, non-private, non-final, nested classes annotated with @Configuration.
06:27:36.883 [main] INFO org.springframework.boot.test.context.SpringBootTestContextBootstrapper -- Found @SpringBootConfiguration com.northwind.shop.ShopApplication for test class com.northwind.shop.repository.CustomerRepositoryTest

  .   ____          _            __ _ _
 /\\ / ___'_ __ _ _(_)_ __  __ _ \ \ \ \
( ( )\___ | '_ | '_| | '_ \/ _` | \ \ \ \
 \\/  ___)| |_)| | | | | || (_| |  ) ) ) )
  '  |____| .__|_| |_|_| |_\__, | / / / /
 =========|_|==============|___/=/_/_/_/

 :: Spring Boot ::                (v3.3.5)

2026-08-28T06:27:37.642+05:30  INFO 19184 --- [           main] c.n.s.repository.CustomerRepositoryTest  : Starting CustomerRepositoryTest using Java 22.0.2 with PID 19184 (started by P.Abhiram in D:\New folder\realistic projects bugs codes\01-ecommerce-order-management)
2026-08-28T06:27:37.644+05:30  INFO 19184 --- [           main] c.n.s.repository.CustomerRepositoryTest  : No active profile set, falling back to 1 default profile: "default"
2026-08-28T06:27:38.248+05:30  INFO 19184 --- [           main] .s.d.r.c.RepositoryConfigurationDelegate : Multiple Spring Data modules found, entering strict repository configuration mode
2026-08-28T06:27:38.260+05:30  INFO 19184 --- [           main] .s.d.r.c.RepositoryConfigurationDelegate : Bootstrapping Spring Data JPA repositories in DEFAULT mode.
2026-08-28T06:27:38.496+05:30  INFO 19184 --- [           main] .s.d.r.c.RepositoryConfigurationDelegate : Finished Spring Data repository scanning in 216 ms. Found 5 JPA repository interfaces.
2026-08-28T06:27:38.567+05:30  INFO 19184 --- [           main] beddedDataSourceBeanFactoryPostProcessor : Replacing 'dataSource' DataSource bean with embedded version
2026-08-28T06:27:38.834+05:30  INFO 19184 --- [           main] o.s.j.d.e.EmbeddedDatabaseFactory        : Starting embedded database: url='jdbc:h2:mem:385932e7-94ec-4c57-9dff-1c41bc4ea10f;DB_CLOSE_DELAY=-1;DB_CLOSE_ON_EXIT=false', username='sa'
2026-08-28T06:27:39.268+05:30  INFO 19184 --- [           main] o.hibernate.jpa.internal.util.LogHelper  : HHH000204: Processing PersistenceUnitInfo [name: default]
2026-08-28T06:27:39.385+05:30  INFO 19184 --- [           main] org.hibernate.Version                    : HHH000412: Hibernate ORM core version 6.5.3.Final
2026-08-28T06:27:39.446+05:30  INFO 19184 --- [           main] o.h.c.internal.RegionFactoryInitiator    : HHH000026: Second-level cache disabled
2026-08-28T06:27:39.884+05:30  INFO 19184 --- [           main] o.s.o.j.p.SpringPersistenceUnitInfo      : No LoadTimeWeaver setup: ignoring JPA class transformer
2026-08-28T06:27:41.485+05:30  INFO 19184 --- [           main] o.h.e.t.j.p.i.JtaPlatformInitiator       : HHH000489: No JTA platform available (set 'hibernate.transaction.jta.platform' to enable JTA platform integration)
Hibernate: drop table if exists categories cascade 
Hibernate: drop table if exists customer_roles cascade 
Hibernate: drop table if exists customers cascade 
Hibernate: drop table if exists order_items cascade 
Hibernate: drop table if exists orders cascade 
Hibernate: drop table if exists products cascade 
Hibernate: drop table if exists roles cascade 
Hibernate: create table categories (id bigint generated by default as identity, name varchar(80) not null, slug varchar(80) not null, primary key (id))
Hibernate: create table customer_roles (customer_id bigint not null, role_id bigint not null, primary key (customer_id, role_id))
Hibernate: create table customers (created_at timestamp(6) with time zone not null, id bigint generated by default as identity, phone varchar(20), password_hash varchar(100) not null, full_name varchar(120) not null, email varchar(180) not null unique, status enum ('ACTIVE','CLOSED','SUSPENDED') not null, primary key (id))
Hibernate: create table order_items (line_total numeric(12,2) not null, quantity integer not null, unit_price numeric(12,2) not null, id bigint generated by default as identity, order_id bigint not null, product_id bigint not null, product_name varchar(160) not null, primary key (id))
Hibernate: create table orders (shipping_fee numeric(12,2) not null, subtotal numeric(12,2) not null, total_amount numeric(12,2) not null, created_at timestamp(6) with time zone not null, customer_id bigint not null, id bigint generated by default as identity, updated_at timestamp(6) with time zone not null, order_number varchar(32) not null unique, shipping_address varchar(400) not null, status enum ('CANCELLED','DELIVERED','PAID','PENDING','PROCESSING','SHIPPED') not null, primary key (id))
Hibernate: create table products (active boolean not null, price numeric(12,2) not null, stock_quantity integer not null, category_id bigint, created_at timestamp(6) with time zone not null, id bigint generated by default as identity, sku varchar(40) not null unique, name varchar(160) not null, description varchar(1000), primary key (id))
Hibernate: create table roles (id bigint generated by default as identity, name varchar(40) not null, primary key (id))
Hibernate: alter table if exists customer_roles add constraint FKnjtvg9npn1etke1ldeffa0ym6 foreign key (role_id) references roles
Hibernate: alter table if exists customer_roles add constraint FKgee5mori29s8ae8hwcl23qxf0 foreign key (customer_id) references customers
Hibernate: alter table if exists order_items add constraint FKbioxgbv59vetrxe0ejfubep1w foreign key (order_id) references orders
Hibernate: alter table if exists order_items add constraint FKocimc7dtr037rh4ls4l95nlfi foreign key (product_id) references products
Hibernate: alter table if exists orders add constraint FKpxtb8awmi0dk6smoh2vp1litg foreign key (customer_id) references customers
Hibernate: alter table if exists products add constraint FKog2rp4qthbtt2lfyhfo32lsw9 foreign key (category_id) references categories
2026-08-28T06:27:41.567+05:30  INFO 19184 --- [           main] j.LocalContainerEntityManagerFactoryBean : Initialized JPA EntityManagerFactory for persistence unit 'default'
2026-08-28T06:27:42.092+05:30  INFO 19184 --- [           main] o.s.d.j.r.query.QueryEnhancerFactory     : Hibernate is in classpath; If applicable, HQL parser will be used.
2026-08-28T06:27:43.063+05:30  INFO 19184 --- [           main] c.n.s.repository.CustomerRepositoryTest  : Started CustomerRepositoryTest in 6.097 seconds (process running for 7.558)
Hibernate: insert into roles (name,id) values (?,default)
Hibernate: insert into customers (created_at,email,full_name,password_hash,phone,status,id) values (?,?,?,?,?,?,default)
Hibernate: insert into customer_roles (customer_id,role_id) values (?,?)
Hibernate: select c1_0.id,c1_0.created_at,c1_0.email,c1_0.full_name,c1_0.password_hash,c1_0.phone,c1_0.status from customers c1_0 where c1_0.email=?
Hibernate: select r1_0.customer_id,r1_1.id,r1_1.name from customer_roles r1_0 join roles r1_1 on r1_1.id=r1_0.role_id where r1_0.customer_id=?
]]></system-out>
    <system-err><![CDATA[WARNING: A Java agent has been loaded dynamically (C:\Users\P.Abhiram\.m2\repository\net\bytebuddy\byte-buddy-agent\1.14.19\byte-buddy-agent-1.14.19.jar)
WARNING: If a serviceability tool is in use, please run with -XX:+EnableDynamicAgentLoading to hide this warning
WARNING: If a serviceability tool is not in use, please run with -Djdk.instrument.traceUsage for more information
WARNING: Dynamic loading of agents will be disallowed by default in a future release
]]></system-err>
  </testcase>
  <testcase name="reportsWhetherAnEmailIsAlreadyRegistered" classname="com.northwind.shop.repository.CustomerRepositoryTest" time="0.026">
    <system-out><![CDATA[Hibernate: insert into customers (created_at,email,full_name,password_hash,phone,status,id) values (?,?,?,?,?,?,default)
Hibernate: select c1_0.id from customers c1_0 where c1_0.email=? fetch first ? rows only
Hibernate: select c1_0.id from customers c1_0 where c1_0.email=? fetch first ? rows only
]]></system-out>
  </testcase>
</testsuite>